<?xml version="1.0" encoding="UTF-8"?>
<!-- Generated by org.testng.reporters.JUnitXMLReporter -->
<testsuite hostname="Appies-MacBook-Air.local" ignored="0" name="Test" tests="12" failures="1" timestamp="30 Sep 2021 20:01:41 GMT" time="79.571" errors="0">
  <testcase name="verifyTravelAgencyPageStatusCode" time="3.075" classname="testcases.TestBlazeDemoPage"/>
  <testcase name="verifyFlightsReservationPageStatusCode" time="1.132" classname="testcases.TestReservationPage"/>
  <testcase name="verifyFlightsPurchasePageStatusCode" time="2.381" classname="testcases.TestPurchasePage"/>
  <testcase name="verifyFlightsOrderConfirmationPageStatusCode" time="2.965" classname="testcases.TestOrderConfirmationPage"/>
  <testcase name="verifyWelcomePage" time="0.097" classname="testcases.TestBlazeDemoPage"/>
  <testcase name="verifyFlightsReservationPage" time="1.372" classname="testcases.TestReservationPage"/>
  <testcase name="verifyFlightsPurchasePage" time="1.923" classname="testcases.TestPurchasePage"/>
  <testcase name="verifyFlightsOrderConfirmationPage" time="2.757" classname="testcases.TestOrderConfirmationPage"/>
  <testcase name="verifyFlightButton" time="0.619" classname="testcases.TestBlazeDemoPage"/>
  <testcase name="verifyChooseFlightButton" time="1.355" classname="testcases.TestReservationPage"/>
  <testcase name="verifyChooseFlightButton" time="1.865" classname="testcases.TestPurchasePage"/>
  <testcase name="verifyOrderIDGenerated" time="50.18" classname="testcases.TestOrderConfirmationPage">
    <failure type="org.openqa.selenium.NoSuchElementException" message="Element with locators not found : input[value=&amp;apos;Find Flights&amp;apos;]
For documentation on this error, please visit: http://seleniumhq.org/exceptions/no_such_element.html
Build info: version: &amp;apos;3.4.0&amp;apos;, revision: &amp;apos;unknown&amp;apos;, time: &amp;apos;unknown&amp;apos;
System info: host: &amp;apos;Appies-MacBook-Air.local&amp;apos;, ip: &amp;apos;fe80:0:0:0:42f:b3ca:b5ae:56e2%en0&amp;apos;, os.name: &amp;apos;Mac OS X&amp;apos;, os.arch: &amp;apos;x86_64&amp;apos;, os.version: &amp;apos;10.14.6&amp;apos;, java.version: &amp;apos;1.8.0_181&amp;apos;
Driver info: driver.version: unknown">
      <![CDATA[org.openqa.selenium.NoSuchElementException: Element with locators not found : input[value='Find Flights']
For documentation on this error, please visit: http://seleniumhq.org/exceptions/no_such_element.html
Build info: version: '3.4.0', revision: 'unknown', time: 'unknown'
System info: host: 'Appies-MacBook-Air.local', ip: 'fe80:0:0:0:42f:b3ca:b5ae:56e2%en0', os.name: 'Mac OS X', os.arch: 'x86_64', os.version: '10.14.6', java.version: '1.8.0_181'
Driver info: driver.version: unknown
at utility.AppUtils.getWebElement(AppUtils.java:41)
at utility.AppUtils.verifyElementPresence(AppUtils.java:66)
at pages.BlazeDemoPage.verifyFlightButton(BlazeDemoPage.java:28)
at pages.ReservationPage.navigateToReservationPage(ReservationPage.java:11)
at pages.PurchasePage.navigateToPurchasePage(PurchasePage.java:10)
at pages.OrderConfirmationPage.navigateToOrderConfirmationPage(OrderConfirmationPage.java:10)
at testcases.TestOrderConfirmationPage.verifyOrderIDGenerated(TestOrderConfirmationPage.java:69)
... Removed 25 stack frames]]>
    </failure>
  </testcase> <!-- verifyOrderIDGenerated -->
</testsuite> <!-- Test -->
